<?xml version="1.0" encoding="UTF-8"?>
<!-- Generated by org.testng.reporters.JUnitXMLReporter -->
<testsuite ignored="0" hostname="IBM-PF4T6KSV" failures="0" tests="3" name="selenium" time="15.467" errors="0" timestamp="2024-05-03T10:24:53 IST">
  <testcase classname="TestNG_Activity_9" name="confirmAlertTestCase" time="0.425"/>
  <testcase classname="TestNG_Activity_9" name="promptAlertTestCase" time="0.268"/>
  <testcase classname="TestNG_Activity_9" name="simpleAlertTestCase" time="0.161"/>
</testsuite> <!-- selenium -->
