<?xml version="1.0" encoding="UTF-8"?>
<testng-results ignored="0" total="3" passed="3" failed="0" skipped="0">
  <reporter-output>
    <line>
      <![CDATA[Awesome]]>
    </line>
  </reporter-output>
  <suite started-at="2024-05-03T10:24:37 IST" name="Default Suite" finished-at="2024-05-03T10:24:53 IST" duration-ms="15467">
    <groups>
    </groups>
    <test started-at="2024-05-03T10:24:37 IST" name="selenium" finished-at="2024-05-03T10:24:53 IST" duration-ms="15467">
      <class name="TestNG_Activity_9">
        <test-method is-config="true" signature="beforeMethod()[pri:0, instance:TestNG_Activity_9@5c909414]" started-at="2024-05-03T10:24:37 IST" name="beforeMethod" finished-at="2024-05-03T10:24:50 IST" duration-ms="12444" status="PASS">
          <reporter-output>
          </reporter-output>
        </test-method> <!-- beforeMethod -->
        <test-method signature="confirmAlertTestCase()[pri:0, instance:TestNG_Activity_9@5c909414]" started-at="2024-05-03T10:24:50 IST" name="confirmAlertTestCase" finished-at="2024-05-03T10:24:50 IST" duration-ms="425" status="PASS">
          <reporter-output>
          </reporter-output>
        </test-method> <!-- confirmAlertTestCase -->
        <test-method signature="promptAlertTestCase()[pri:0, instance:TestNG_Activity_9@5c909414]" started-at="2024-05-03T10:24:50 IST" name="promptAlertTestCase" finished-at="2024-05-03T10:24:50 IST" duration-ms="268" status="PASS">
          <reporter-output>
            <line>
              <![CDATA[Awesome]]>
            </line>
          </reporter-output>
        </test-method> <!-- promptAlertTestCase -->
        <test-method signature="simpleAlertTestCase()[pri:0, instance:TestNG_Activity_9@5c909414]" started-at="2024-05-03T10:24:50 IST" name="simpleAlertTestCase" finished-at="2024-05-03T10:24:51 IST" duration-ms="161" status="PASS">
          <reporter-output>
          </reporter-output>
        </test-method> <!-- simpleAlertTestCase -->
        <test-method is-config="true" signature="afterMethod()[pri:0, instance:TestNG_Activity_9@5c909414]" started-at="2024-05-03T10:24:51 IST" name="afterMethod" finished-at="2024-05-03T10:24:53 IST" duration-ms="2070" status="PASS">
          <reporter-output>
          </reporter-output>
        </test-method> <!-- afterMethod -->
      </class> <!-- TestNG_Activity_9 -->
    </test> <!-- selenium -->
  </suite> <!-- Default Suite -->
</testng-results>
